빌드 시작: 2016-07-17 오전 3:11:21
     1>2 노드의 "E:\VisualStudio_Workspace\Data_Structure\Data_Structure\Data_Structure.vcxproj" 프로젝트(build 대상)입니다.
     1>InitializeBuildStatus:
         "Debug\Data_Structure.unsuccessfulbuild"에 연결(touching)하고 있습니다.
       ClCompile:
         모든 출력이 최신 상태입니다.
       ManifestResourceCompile:
         모든 출력이 최신 상태입니다.
       Link:
         E:\visual 2010\VC\bin\link.exe /ERRORREPORT:PROMPT /OUT:"E:\VisualStudio_Workspace\Data_Structure\Debug\Data_Structure.exe" /INCREMENTAL /NOLOGO kernel32.lib user32.lib gdi32.lib winspool.lib comdlg32.lib advapi32.lib shell32.lib ole32.lib oleaut32.lib uuid.lib odbc32.lib odbccp32.lib /MANIFEST /ManifestFile:"Debug\Data_Structure.exe.intermediate.manifest" /MANIFESTUAC:"level='asInvoker' uiAccess='false'" /DEBUG /PDB:"E:\VisualStudio_Workspace\Data_Structure\Debug\Data_Structure.pdb" /SUBSYSTEM:CONSOLE /TLBID:1 /DYNAMICBASE /NXCOMPAT /IMPLIB:"E:\VisualStudio_Workspace\Data_Structure\Debug\Data_Structure.lib" /MACHINE:X86 Debug\Data_Structure.exe.embed.manifest.res
         Debug\chap_2.obj
       Manifest:
         C:\Program Files (x86)\Microsoft SDKs\Windows\v7.0A\bin\mt.exe /nologo /verbose /out:"Debug\Data_Structure.exe.embed.manifest" /manifest Debug\Data_Structure.exe.intermediate.manifest
         모든 출력이 최신 상태입니다.
       LinkEmbedManifest:
         모든 출력이 최신 상태입니다.
         Data_Structure.vcxproj -> E:\VisualStudio_Workspace\Data_Structure\Debug\Data_Structure.exe
       FinalizeBuildStatus:
         "Debug\Data_Structure.unsuccessfulbuild" 파일을 삭제하고 있습니다.
         "Debug\Data_Structure.lastbuildstate"에 연결(touching)하고 있습니다.
     1>"E:\VisualStudio_Workspace\Data_Structure\Data_Structure\Data_Structure.vcxproj" 프로젝트를 빌드했습니다(build 대상).

빌드했습니다.

경과 시간: 00:00:01.89
